<?xml version="1.0" encoding="UTF-8"?>
<testng-results ignored="0" total="1" passed="1" failed="0" skipped="0">
  <reporter-output>
  </reporter-output>
  <suite started-at="2022-03-27T15:27:25 CDT" name="Default suite" finished-at="2022-03-27T15:27:34 CDT" duration-ms="9064">
    <groups>
    </groups>
    <test started-at="2022-03-27T15:27:25 CDT" name="Default test" finished-at="2022-03-27T15:27:34 CDT" duration-ms="9064">
      <class name="practice.FirstTest">
        <test-method is-config="true" signature="setUp()[pri:0, instance:practice.FirstTest@69e153c5]" started-at="2022-03-27T15:27:25 CDT" name="setUp" finished-at="2022-03-27T15:27:28 CDT" duration-ms="2963" status="PASS">
          <reporter-output>
          </reporter-output>
        </test-method> <!-- setUp -->
        <test-method signature="firstTest()[pri:0, instance:practice.FirstTest@69e153c5]" started-at="2022-03-27T15:27:28 CDT" name="firstTest" finished-at="2022-03-27T15:27:30 CDT" duration-ms="1808" status="PASS">
          <reporter-output>
          </reporter-output>
        </test-method> <!-- firstTest -->
        <test-method is-config="true" signature="tearDown()[pri:0, instance:practice.FirstTest@69e153c5]" started-at="2022-03-27T15:27:30 CDT" name="tearDown" finished-at="2022-03-27T15:27:34 CDT" duration-ms="4252" status="PASS">
          <reporter-output>
          </reporter-output>
        </test-method> <!-- tearDown -->
      </class> <!-- practice.FirstTest -->
    </test> <!-- Default test -->
  </suite> <!-- Default suite -->
</testng-results>
